<?xml version="1.0" encoding="UTF-8"?>
<testsuite xmlns:xsi="http://www.w3.org/2001/XMLSchema-instance" xsi:noNamespaceSchemaLocation="https://maven.apache.org/surefire/maven-surefire-plugin/xsd/surefire-test-report.xsd" name="com.project.test.HealthServiceTest" time="0.047" tests="5" errors="0" skipped="0" failures="0">
  <properties>
[...]
</properties>
  <testcase name="testAppointment1" classname="com.project.test.HealthServiceTest" time="0.032"/>
  <testcase name="testAppointment2" classname="com.project.test.HealthServiceTest" time="0.001"/>
  <testcase name="testAppointment3" classname="com.project.test.HealthServiceTest" time="0.002"/>
  <testcase name="testAppointment4" classname="com.project.test.HealthServiceTest" time="0.001"/>
  <testcase name="testAppointment5" classname="com.project.test.HealthServiceTest" time="0.001"/>
</testsuite>